This is pdfTeX, Version 3.14159265-2.6-1.40.18 (MiKTeX 2.9.6500 64-bit) (preloaded format=pdflatex 2019.3.8)  26 MAR 2019 21:10
entering extended mode
**./Lab_8_Submission.tex
(Lab_8_Submission.tex
LaTeX2e <2017-04-15>
Babel <3.15> and hyphenation patterns for 75 language(s) loaded.
("C:\Program Files\MiKTeX 2.9\tex\latex\base\article.cls"
Document Class: article 2014/09/29 v1.4h Standard LaTeX document class
("C:\Program Files\MiKTeX 2.9\tex\latex\base\size10.clo"
File: size10.clo 2014/09/29 v1.4h Standard LaTeX file (size option)
)
\c@part=\count79
\c@section=\count80
\c@subsection=\count81
\c@subsubsection=\count82
\c@paragraph=\count83
\c@subparagraph=\count84
\c@figure=\count85
\c@table=\count86
\abovecaptionskip=\skip41
\belowcaptionskip=\skip42
\bibindent=\dimen102
)
("C:\Program Files\MiKTeX 2.9\tex\latex\tools\multicol.sty"
Package: multicol 2017/04/11 v1.8q multicolumn formatting (FMi)
\c@tracingmulticols=\count87
\mult@box=\box26
\multicol@leftmargin=\dimen103
\c@unbalance=\count88
\c@collectmore=\count89
\doublecol@number=\count90
\multicoltolerance=\count91
\multicolpretolerance=\count92
\full@width=\dimen104
\page@free=\dimen105
\premulticols=\dimen106
\postmulticols=\dimen107
\multicolsep=\skip43
\multicolbaselineskip=\skip44
\partial@page=\box27
\last@line=\box28
\maxbalancingoverflow=\dimen108
\mult@rightbox=\box29
\mult@grightbox=\box30
\mult@gfirstbox=\box31
\mult@firstbox=\box32
\@tempa=\box33
\@tempa=\box34
\@tempa=\box35
\@tempa=\box36
\@tempa=\box37
\@tempa=\box38
\@tempa=\box39
\@tempa=\box40
\@tempa=\box41
\@tempa=\box42
\@tempa=\box43
\@tempa=\box44
\@tempa=\box45
\@tempa=\box46
\@tempa=\box47
\@tempa=\box48
\@tempa=\box49
\c@columnbadness=\count93
\c@finalcolumnbadness=\count94
\last@try=\dimen109
\multicolovershoot=\dimen110
\multicolundershoot=\dimen111
\mult@nat@firstbox=\box50
\colbreak@box=\box51
\mc@col@check@num=\count95
)
("C:\Program Files\MiKTeX 2.9\tex\latex\listings\listings.sty"
("C:\Program Files\MiKTeX 2.9\tex\latex\graphics\keyval.sty"
Package: keyval 2014/10/28 v1.15 key=value parser (DPC)
\KV@toks@=\toks14
)
\lst@mode=\count96
\lst@gtempboxa=\box52
\lst@token=\toks15
\lst@length=\count97
\lst@currlwidth=\dimen112
\lst@column=\count98
\lst@pos=\count99
\lst@lostspace=\dimen113
\lst@width=\dimen114
\lst@newlines=\count100
\lst@lineno=\count101
\lst@maxwidth=\dimen115

("C:\Program Files\MiKTeX 2.9\tex\latex\listings\lstmisc.sty"
File: lstmisc.sty 2019/02/27 1.8b (Carsten Heinz)
\c@lstnumber=\count102
\lst@skipnumbers=\count103
\lst@framebox=\box53
)
("C:\Program Files\MiKTeX 2.9\tex\latex\listings\listings.cfg"
File: listings.cfg 2019/02/27 1.8b listings configuration
))
Package: listings 2019/02/27 1.8b (Carsten Heinz)

("C:\Program Files\MiKTeX 2.9\tex\latex\geometry\geometry.sty"
Package: geometry 2010/09/12 v5.6 Page Geometry

("C:\Program Files\MiKTeX 2.9\tex\generic\oberdiek\ifpdf.sty"
Package: ifpdf 2017/03/15 v3.2 Provides the ifpdf switch
)
("C:\Program Files\MiKTeX 2.9\tex\generic\oberdiek\ifvtex.sty"
Package: ifvtex 2016/05/16 v1.6 Detect VTeX and its facilities (HO)
Package ifvtex Info: VTeX not detected.
)
("C:\Program Files\MiKTeX 2.9\tex\generic\ifxetex\ifxetex.sty"
Package: ifxetex 2010/09/12 v0.6 Provides ifxetex conditional
)
\Gm@cnth=\count104
\Gm@cntv=\count105
\c@Gm@tempcnt=\count106
\Gm@bindingoffset=\dimen116
\Gm@wd@mp=\dimen117
\Gm@odd@mp=\dimen118
\Gm@even@mp=\dimen119
\Gm@layoutwidth=\dimen120
\Gm@layoutheight=\dimen121
\Gm@layouthoffset=\dimen122
\Gm@layoutvoffset=\dimen123
\Gm@dimlist=\toks16

("C:\Program Files\MiKTeX 2.9\tex\latex\geometry\geometry.cfg"))
("C:\Program Files\MiKTeX 2.9\tex\latex\graphics\graphicx.sty"
Package: graphicx 2017/06/01 v1.1a Enhanced LaTeX Graphics (DPC,SPQR)

("C:\Program Files\MiKTeX 2.9\tex\latex\graphics\graphics.sty"
Package: graphics 2017/06/25 v1.2c Standard LaTeX Graphics (DPC,SPQR)

("C:\Program Files\MiKTeX 2.9\tex\latex\graphics\trig.sty"
Package: trig 2016/01/03 v1.10 sin cos tan (DPC)
)
("C:\Program Files\MiKTeX 2.9\tex\latex\graphics-cfg\graphics.cfg"
File: graphics.cfg 2016/06/04 v1.11 sample graphics configuration
)
Package graphics Info: Driver file: pdftex.def on input line 99.

("C:\Program Files\MiKTeX 2.9\tex\latex\graphics-def\pdftex.def"
File: pdftex.def 2017/06/24 v1.0g Graphics/color driver for pdftex
))
\Gin@req@height=\dimen124
\Gin@req@width=\dimen125
)
("C:\Program Files\MiKTeX 2.9\tex\latex\float\float.sty"
Package: float 2001/11/08 v1.3d Float enhancements (AL)
\c@float@type=\count107
\float@exts=\toks17
\float@box=\box54
\@float@everytoks=\toks18
\@floatcapt=\box55
)
("C:\Program Files\MiKTeX 2.9\tex\latex\caption\subcaption.sty"
Package: subcaption 2018/05/01 v1.1-162 Sub-captions (AR)

("C:\Program Files\MiKTeX 2.9\tex\latex\caption\caption.sty"
Package: caption 2018/10/06 v3.3-154 Customizing captions (AR)

("C:\Program Files\MiKTeX 2.9\tex\latex\caption\caption3.sty"
Package: caption3 2018/09/12 v1.8c caption3 kernel (AR)
Package caption3 Info: TeX engine: e-TeX on input line 64.
\captionmargin=\dimen126
\captionmargin@=\dimen127
\captionwidth=\dimen128
\caption@tempdima=\dimen129
\caption@indent=\dimen130
\caption@parindent=\dimen131
\caption@hangindent=\dimen132
)
\c@caption@flags=\count108
\c@ContinuedFloat=\count109
Package caption Info: float package is loaded.
Package caption Info: listings package is loaded.
)
\c@subfigure=\count110
\c@subtable=\count111
)
(Lab_8_Submission.aux)
\openout1 = `Lab_8_Submission.aux'.

LaTeX Font Info:    Checking defaults for OML/cmm/m/it on input line 12.
LaTeX Font Info:    ... okay on input line 12.
LaTeX Font Info:    Checking defaults for T1/cmr/m/n on input line 12.
LaTeX Font Info:    ... okay on input line 12.
LaTeX Font Info:    Checking defaults for OT1/cmr/m/n on input line 12.
LaTeX Font Info:    ... okay on input line 12.
LaTeX Font Info:    Checking defaults for OMS/cmsy/m/n on input line 12.
LaTeX Font Info:    ... okay on input line 12.
LaTeX Font Info:    Checking defaults for OMX/cmex/m/n on input line 12.
LaTeX Font Info:    ... okay on input line 12.
LaTeX Font Info:    Checking defaults for U/cmr/m/n on input line 12.
LaTeX Font Info:    ... okay on input line 12.
\c@lstlisting=\count112

*geometry* driver: auto-detecting
*geometry* detected driver: pdftex
*geometry* verbose mode - [ preamble ] result:
* driver: pdftex
* paper: <default>
* layout: <same size as paper>
* layoutoffset:(h,v)=(0.0pt,0.0pt)
* modes: 
* h-part:(L,W,R)=(72.26999pt, 469.75502pt, 72.26999pt)
* v-part:(T,H,B)=(72.26999pt, 650.43001pt, 72.26999pt)
* \paperwidth=614.295pt
* \paperheight=794.96999pt
* \textwidth=469.75502pt
* \textheight=650.43001pt
* \oddsidemargin=0.0pt
* \evensidemargin=0.0pt
* \topmargin=-37.0pt
* \headheight=12.0pt
* \headsep=25.0pt
* \topskip=10.0pt
* \footskip=30.0pt
* \marginparwidth=65.0pt
* \marginparsep=11.0pt
* \columnsep=10.0pt
* \skip\footins=9.0pt plus 4.0pt minus 2.0pt
* \hoffset=0.0pt
* \voffset=0.0pt
* \mag=1000
* \@twocolumnfalse
* \@twosidefalse
* \@mparswitchfalse
* \@reversemarginfalse
* (1in=72.27pt=25.4mm, 1cm=28.453pt)

("C:\Program Files\MiKTeX 2.9\tex\context\base\mkii\supp-pdf.mkii"
[Loading MPS to PDF converter (version 2006.09.02).]
\scratchcounter=\count113
\scratchdimen=\dimen133
\scratchbox=\box56
\nofMPsegments=\count114
\nofMParguments=\count115
\everyMPshowfont=\toks19
\MPscratchCnt=\count116
\MPscratchDim=\dimen134
\MPnumerator=\count117
\makeMPintoPDFobject=\count118
\everyMPtoPDFconversion=\toks20
) ("C:\Program Files\MiKTeX 2.9\tex\latex\oberdiek\epstopdf-base.sty"
Package: epstopdf-base 2016/05/15 v2.6 Base part for package epstopdf

("C:\Program Files\MiKTeX 2.9\tex\generic\oberdiek\infwarerr.sty"
Package: infwarerr 2016/05/16 v1.4 Providing info/warning/error messages (HO)
)
("C:\Program Files\MiKTeX 2.9\tex\latex\oberdiek\grfext.sty"
Package: grfext 2016/05/16 v1.2 Manage graphics extensions (HO)

("C:\Program Files\MiKTeX 2.9\tex\generic\oberdiek\kvdefinekeys.sty"
Package: kvdefinekeys 2016/05/16 v1.4 Define keys (HO)

("C:\Program Files\MiKTeX 2.9\tex\generic\oberdiek\ltxcmds.sty"
Package: ltxcmds 2016/05/16 v1.23 LaTeX kernel commands for general use (HO)
)))
("C:\Program Files\MiKTeX 2.9\tex\latex\oberdiek\kvoptions.sty"
Package: kvoptions 2016/05/16 v3.12 Key value format for package options (HO)

("C:\Program Files\MiKTeX 2.9\tex\generic\oberdiek\kvsetkeys.sty"
Package: kvsetkeys 2016/05/16 v1.17 Key value parser (HO)

("C:\Program Files\MiKTeX 2.9\tex\generic\oberdiek\etexcmds.sty"
Package: etexcmds 2016/05/16 v1.6 Avoid name clashes with e-TeX commands (HO)

("C:\Program Files\MiKTeX 2.9\tex\generic\oberdiek\ifluatex.sty"
Package: ifluatex 2016/05/16 v1.4 Provides the ifluatex switch (HO)
Package ifluatex Info: LuaTeX not detected.
)
Package etexcmds Info: Could not find \expanded.
(etexcmds)             That can mean that you are not using pdfTeX 1.50 or
(etexcmds)             that some package has redefined \expanded.
(etexcmds)             In the latter case, load this package earlier.
)))
("C:\Program Files\MiKTeX 2.9\tex\generic\oberdiek\pdftexcmds.sty"
Package: pdftexcmds 2017/03/19 v0.25 Utility functions of pdfTeX for LuaTeX (HO
)
Package pdftexcmds Info: LuaTeX not detected.
Package pdftexcmds Info: \pdf@primitive is available.
Package pdftexcmds Info: \pdf@ifprimitive is available.
Package pdftexcmds Info: \pdfdraftmode found.
)
Package epstopdf-base Info: Redefining graphics rule for `.eps' on input line 4
38.
Package grfext Info: Graphics extension search list:
(grfext)             [.pdf,.png,.jpg,.mps,.jpeg,.jbig2,.jb2,.PDF,.PNG,.JPG,.JPE
G,.JBIG2,.JB2,.eps]
(grfext)             \AppendGraphicsExtensions on input line 456.
)
Package caption Info: Begin \AtBeginDocument code.
Package caption Info: End \AtBeginDocument code.
LaTeX Font Info:    Try loading font information for OMS+cmr on input line 21.

("C:\Program Files\MiKTeX 2.9\tex\latex\base\omscmr.fd"
File: omscmr.fd 2014/09/29 v2.5h Standard LaTeX font definitions
)
LaTeX Font Info:    Font shape `OMS/cmr/m/n' in size <10> not available
(Font)              Font shape `OMS/cmsy/m/n' tried instead on input line 21.
<./Figures/Full_System.png, id=1, 2208.25pt x 1706.375pt>
File: ./Figures/Full_System.png Graphic file (type png)
<use ./Figures/Full_System.png>
Package pdftex.def Info: ./Figures/Full_System.png  used on input line 32. on i
nput line 32.
Package pdftex.def Info: Requested size: 469.75502pt x 362.98395pt on input lin
e 32.
<./Figures/Polar_Encoder.jpg, id=2, 794.97pt x 614.295pt>
File: ./Figures/Polar_Encoder.jpg Graphic file (type jpg)
<use ./Figures/Polar_Encoder.jpg>
Package pdftex.def Info: ./Figures/Polar_Encoder.jpg  used on input line 37. on
 input line 37.
Package pdftex.def Info: Requested size: 469.75502pt x 363.00267pt on input lin
e 37.
 [1

{C:/Users/Mark Kent/AppData/Local/MiKTeX/2.9/pdftex/config/pdftex.map}]
<./Figures/Bipolar_Encoder.jpg, id=10, 794.97pt x 614.295pt>
File: ./Figures/Bipolar_Encoder.jpg Graphic file (type jpg)
<use ./Figures/Bipolar_Encoder.jpg>
Package pdftex.def Info: ./Figures/Bipolar_Encoder.jpg  used on input line 42. 
on input line 42.
Package pdftex.def Info: Requested size: 469.75502pt x 363.00267pt on input lin
e 42.
 [2 <./Figures/Full_System.png>]
<./Figures/Differential_Encoder.jpg, id=15, 794.97pt x 614.295pt>
File: ./Figures/Differential_Encoder.jpg Graphic file (type jpg)
<use ./Figures/Differential_Encoder.jpg>
Package pdftex.def Info: ./Figures/Differential_Encoder.jpg  used on input line
 47. on input line 47.
Package pdftex.def Info: Requested size: 469.75502pt x 363.00267pt on input lin
e 47.
 [3 <./Figures/Polar_Encoder.jpg>] [4 <./Figures/Bipolar_Encoder.jpg>]
<./Figures/Raised_Cosine_Pulse.jpg, id=22, 562.1pt x 421.575pt>
File: ./Figures/Raised_Cosine_Pulse.jpg Graphic file (type jpg)
<use ./Figures/Raised_Cosine_Pulse.jpg>
Package pdftex.def Info: ./Figures/Raised_Cosine_Pulse.jpg  used on input line 
56. on input line 56.
Package pdftex.def Info: Requested size: 187.89914pt x 140.92133pt on input lin
e 56.
<./Figures/Tri_Half.jpg, id=23, 562.1pt x 421.575pt>
File: ./Figures/Tri_Half.jpg Graphic file (type jpg)
<use ./Figures/Tri_Half.jpg>
Package pdftex.def Info: ./Figures/Tri_Half.jpg  used on input line 65. on inpu
t line 65.
Package pdftex.def Info: Requested size: 187.89914pt x 140.92133pt on input lin
e 65.
<./Figures/Tri_Full.jpg, id=24, 562.1pt x 421.575pt>
File: ./Figures/Tri_Full.jpg Graphic file (type jpg)
<use ./Figures/Tri_Full.jpg>
Package pdftex.def Info: ./Figures/Tri_Full.jpg  used on input line 69. on inpu
t line 69.
Package pdftex.def Info: Requested size: 187.89914pt x 140.92133pt on input lin
e 69.

[5 <./Figures/Differential_Encoder.jpg> <./Figures/Raised_Cosine_Pulse.jpg>]
<./Figures/Rect_Half.jpg, id=29, 562.1pt x 421.575pt>
File: ./Figures/Rect_Half.jpg Graphic file (type jpg)
<use ./Figures/Rect_Half.jpg>
Package pdftex.def Info: ./Figures/Rect_Half.jpg  used on input line 80. on inp
ut line 80.
Package pdftex.def Info: Requested size: 187.89914pt x 140.92133pt on input lin
e 80.
<./Figures/Rect_Full.jpg, id=30, 562.1pt x 421.575pt>
File: ./Figures/Rect_Full.jpg Graphic file (type jpg)
<use ./Figures/Rect_Full.jpg>
Package pdftex.def Info: ./Figures/Rect_Full.jpg  used on input line 84. on inp
ut line 84.
Package pdftex.def Info: Requested size: 187.89914pt x 140.92133pt on input lin
e 84.
<./Figures/Sinc_Pulse.jpg, id=31, 562.1pt x 421.575pt>
File: ./Figures/Sinc_Pulse.jpg Graphic file (type jpg)
<use ./Figures/Sinc_Pulse.jpg>
Package pdftex.def Info: ./Figures/Sinc_Pulse.jpg  used on input line 94. on in
put line 94.
Package pdftex.def Info: Requested size: 469.75502pt x 352.31299pt on input lin
e 94.

[6 <./Figures/Tri_Half.jpg> <./Figures/Tri_Full.jpg> <./Figures/Rect_Half.jpg> 
<./Figures/Rect_Full.jpg>]
<./Figures/Sinc_2_Pulse.jpg, id=36, 562.1pt x 421.575pt>
File: ./Figures/Sinc_2_Pulse.jpg Graphic file (type jpg)
<use ./Figures/Sinc_2_Pulse.jpg>
Package pdftex.def Info: ./Figures/Sinc_2_Pulse.jpg  used on input line 102. on
 input line 102.
Package pdftex.def Info: Requested size: 469.75502pt x 352.31299pt on input lin
e 102.
 [7 <./Figures/Sinc_Pulse.jpg>]
<./Figures/Sin_Pulse.jpg, id=41, 562.1pt x 421.575pt>
File: ./Figures/Sin_Pulse.jpg Graphic file (type jpg)
<use ./Figures/Sin_Pulse.jpg>
Package pdftex.def Info: ./Figures/Sin_Pulse.jpg  used on input line 110. on in
put line 110.
Package pdftex.def Info: Requested size: 469.75502pt x 352.31299pt on input lin
e 110.
 [8 <./Figures/Sinc_2_Pulse.jpg>]
<./Figures/OO_Rasied.jpg, id=45, 1927.2pt x 1006.76125pt>
File: ./Figures/OO_Rasied.jpg Graphic file (type jpg)
<use ./Figures/OO_Rasied.jpg>
Package pdftex.def Info: ./Figures/OO_Rasied.jpg  used on input line 122. on in
put line 122.
Package pdftex.def Info: Requested size: 469.75502pt x 245.3913pt on input line
 122.
<./Figures/OO_Rect_F.jpg, id=46, 1927.2pt x 1006.76125pt>
File: ./Figures/OO_Rect_F.jpg Graphic file (type jpg)
<use ./Figures/OO_Rect_F.jpg>
Package pdftex.def Info: ./Figures/OO_Rect_F.jpg  used on input line 127. on in
put line 127.
Package pdftex.def Info: Requested size: 469.75502pt x 245.3913pt on input line
 127.
 [9 <./Figures/Sin_Pulse.jpg>]
<./Figures/OO_Rect_H.jpg, id=50, 1927.2pt x 1006.76125pt>
File: ./Figures/OO_Rect_H.jpg Graphic file (type jpg)
<use ./Figures/OO_Rect_H.jpg>
Package pdftex.def Info: ./Figures/OO_Rect_H.jpg  used on input line 132. on in
put line 132.
Package pdftex.def Info: Requested size: 469.75502pt x 245.3913pt on input line
 132.
<./Figures/OO_Sin.jpg, id=51, 1927.2pt x 1006.76125pt>
File: ./Figures/OO_Sin.jpg Graphic file (type jpg)
<use ./Figures/OO_Sin.jpg>
Package pdftex.def Info: ./Figures/OO_Sin.jpg  used on input line 137. on input
 line 137.
Package pdftex.def Info: Requested size: 469.75502pt x 245.3913pt on input line
 137.
 [10 <./Figures/OO_Rasied.jpg> <./Figures/OO_Rect_F.jpg>]
<./Figures/OO_Sinc.jpg, id=55, 1927.2pt x 1006.76125pt>
File: ./Figures/OO_Sinc.jpg Graphic file (type jpg)
<use ./Figures/OO_Sinc.jpg>
Package pdftex.def Info: ./Figures/OO_Sinc.jpg  used on input line 142. on inpu
t line 142.
Package pdftex.def Info: Requested size: 469.75502pt x 245.3913pt on input line
 142.
<./Figures/OO_Squared.jpg, id=56, 1927.2pt x 1006.76125pt>
File: ./Figures/OO_Squared.jpg Graphic file (type jpg)
<use ./Figures/OO_Squared.jpg>
Package pdftex.def Info: ./Figures/OO_Squared.jpg  used on input line 147. on i
nput line 147.
Package pdftex.def Info: Requested size: 469.75502pt x 245.3913pt on input line
 147.
 [11 <./Figures/OO_Rect_H.jpg> <./Figures/OO_Sin.jpg>]
<./Figures/OO_Tri_F.jpg, id=60, 1927.2pt x 1006.76125pt>
File: ./Figures/OO_Tri_F.jpg Graphic file (type jpg)
<use ./Figures/OO_Tri_F.jpg>
Package pdftex.def Info: ./Figures/OO_Tri_F.jpg  used on input line 152. on inp
ut line 152.
Package pdftex.def Info: Requested size: 469.75502pt x 245.3913pt on input line
 152.
<./Figures/OO_Tri_H.jpg, id=61, 1927.2pt x 1006.76125pt>
File: ./Figures/OO_Tri_H.jpg Graphic file (type jpg)
<use ./Figures/OO_Tri_H.jpg>
Package pdftex.def Info: ./Figures/OO_Tri_H.jpg  used on input line 157. on inp
ut line 157.
Package pdftex.def Info: Requested size: 469.75502pt x 245.3913pt on input line
 157.

[12 <./Figures/OO_Sinc.jpg> <./Figures/OO_Squared.jpg>]
<./Figures/OO_Rasied_Eye.jpg, id=65, 1927.2pt x 1006.76125pt>
File: ./Figures/OO_Rasied_Eye.jpg Graphic file (type jpg)
<use ./Figures/OO_Rasied_Eye.jpg>
Package pdftex.def Info: ./Figures/OO_Rasied_Eye.jpg  used on input line 164. o
n input line 164.
Package pdftex.def Info: Requested size: 469.75502pt x 245.3913pt on input line
 164.
<./Figures/OO_Rect_F_Eye.jpg, id=66, 1927.2pt x 1006.76125pt>
File: ./Figures/OO_Rect_F_Eye.jpg Graphic file (type jpg)
<use ./Figures/OO_Rect_F_Eye.jpg>
Package pdftex.def Info: ./Figures/OO_Rect_F_Eye.jpg  used on input line 169. o
n input line 169.
Package pdftex.def Info: Requested size: 469.75502pt x 245.3913pt on input line
 169.
 [13 <./Figures/OO_Tri_F.jpg> <./Figures/OO_Tri_H.jpg>]
<./Figures/OO_Rect_H_Eye.jpg, id=71, 1927.2pt x 1006.76125pt>
File: ./Figures/OO_Rect_H_Eye.jpg Graphic file (type jpg)
<use ./Figures/OO_Rect_H_Eye.jpg>
Package pdftex.def Info: ./Figures/OO_Rect_H_Eye.jpg  used on input line 174. o
n input line 174.
Package pdftex.def Info: Requested size: 469.75502pt x 245.3913pt on input line
 174.
<./Figures/OO_Sin_Eye.jpg, id=72, 1927.2pt x 1006.76125pt>
File: ./Figures/OO_Sin_Eye.jpg Graphic file (type jpg)
<use ./Figures/OO_Sin_Eye.jpg>
Package pdftex.def Info: ./Figures/OO_Sin_Eye.jpg  used on input line 179. on i
nput line 179.
Package pdftex.def Info: Requested size: 469.75502pt x 245.3913pt on input line
 179.
 [14 <./Figures/OO_Rasied_Eye.jpg> <./Figures/OO_Rect_F_Eye.jpg>]
<./Figures/OO_Sinc_Eye.jpg, id=76, 1927.2pt x 1006.76125pt>
File: ./Figures/OO_Sinc_Eye.jpg Graphic file (type jpg)
<use ./Figures/OO_Sinc_Eye.jpg>
Package pdftex.def Info: ./Figures/OO_Sinc_Eye.jpg  used on input line 184. on 
input line 184.
Package pdftex.def Info: Requested size: 469.75502pt x 245.3913pt on input line
 184.
<./Figures/OO_Squared_Eye.jpg, id=77, 1927.2pt x 1006.76125pt>
File: ./Figures/OO_Squared_Eye.jpg Graphic file (type jpg)
<use ./Figures/OO_Squared_Eye.jpg>
Package pdftex.def Info: ./Figures/OO_Squared_Eye.jpg  used on input line 189. 
on input line 189.
Package pdftex.def Info: Requested size: 469.75502pt x 245.3913pt on input line
 189.
 [15 <./Figures/OO_Rect_H_Eye.jpg> <./Figures/OO_Sin_Eye.jpg>]
<./Figures/OO_Tri_F_Eye.jpg, id=81, 1927.2pt x 1006.76125pt>
File: ./Figures/OO_Tri_F_Eye.jpg Graphic file (type jpg)
<use ./Figures/OO_Tri_F_Eye.jpg>
Package pdftex.def Info: ./Figures/OO_Tri_F_Eye.jpg  used on input line 194. on
 input line 194.
Package pdftex.def Info: Requested size: 469.75502pt x 245.3913pt on input line
 194.
<./Figures/OO_Tri_H_Eye.jpg, id=82, 1927.2pt x 1006.76125pt>
File: ./Figures/OO_Tri_H_Eye.jpg Graphic file (type jpg)
<use ./Figures/OO_Tri_H_Eye.jpg>
Package pdftex.def Info: ./Figures/OO_Tri_H_Eye.jpg  used on input line 199. on
 input line 199.
Package pdftex.def Info: Requested size: 469.75502pt x 245.3913pt on input line
 199.
[16 <./Figures/OO_Sinc_Eye.jpg> <./Figures/OO_Squared_Eye.jpg>]
<./Figures/OO_Rasied_Spectrum.jpg, id=86, 1927.2pt x 1006.76125pt>
File: ./Figures/OO_Rasied_Spectrum.jpg Graphic file (type jpg)
<use ./Figures/OO_Rasied_Spectrum.jpg>
Package pdftex.def Info: ./Figures/OO_Rasied_Spectrum.jpg  used on input line 2
06. on input line 206.
Package pdftex.def Info: Requested size: 469.75502pt x 245.3913pt on input line
 206.
<./Figures/OO_Rect_F_Spectrum.jpg, id=87, 1927.2pt x 1006.76125pt>
File: ./Figures/OO_Rect_F_Spectrum.jpg Graphic file (type jpg)
<use ./Figures/OO_Rect_F_Spectrum.jpg>
Package pdftex.def Info: ./Figures/OO_Rect_F_Spectrum.jpg  used on input line 2
11. on input line 211.
Package pdftex.def Info: Requested size: 469.75502pt x 245.3913pt on input line
 211.
 [17 <./Figures/OO_Tri_F_Eye.jpg> <./Figures/OO_Tri_H_Eye.jpg>]
<./Figures/OO_Rect_H_Spectrum.jpg, id=91, 1927.2pt x 1006.76125pt>
File: ./Figures/OO_Rect_H_Spectrum.jpg Graphic file (type jpg)
<use ./Figures/OO_Rect_H_Spectrum.jpg>
Package pdftex.def Info: ./Figures/OO_Rect_H_Spectrum.jpg  used on input line 2
16. on input line 216.
Package pdftex.def Info: Requested size: 469.75502pt x 245.3913pt on input line
 216.
<./Figures/OO_Sin_Spectrum.jpg, id=92, 1927.2pt x 1006.76125pt>
File: ./Figures/OO_Sin_Spectrum.jpg Graphic file (type jpg)
<use ./Figures/OO_Sin_Spectrum.jpg>
Package pdftex.def Info: ./Figures/OO_Sin_Spectrum.jpg  used on input line 221.
 on input line 221.
Package pdftex.def Info: Requested size: 469.75502pt x 245.3913pt on input line
 221.
 [18 <./Figures/OO_Rasied_Spectrum.jpg> <./Figures/OO_Rect_F_Spectrum.jpg>]
<./Figures/OO_Sinc_Spectrum.jpg, id=96, 1927.2pt x 1006.76125pt>
File: ./Figures/OO_Sinc_Spectrum.jpg Graphic file (type jpg)
<use ./Figures/OO_Sinc_Spectrum.jpg>
Package pdftex.def Info: ./Figures/OO_Sinc_Spectrum.jpg  used on input line 226
. on input line 226.
Package pdftex.def Info: Requested size: 469.75502pt x 245.3913pt on input line
 226.
<./Figures/OO_Squared_Spectrum.jpg, id=97, 1927.2pt x 1006.76125pt>
File: ./Figures/OO_Squared_Spectrum.jpg Graphic file (type jpg)
<use ./Figures/OO_Squared_Spectrum.jpg>
Package pdftex.def Info: ./Figures/OO_Squared_Spectrum.jpg  used on input line 
231. on input line 231.
Package pdftex.def Info: Requested size: 469.75502pt x 245.3913pt on input line
 231.
 [19 <./Figures/OO_Rect_H_Spectrum.jpg> <./Figures/OO_Sin_Spectrum.jpg>]
<./Figures/OO_Tri_F_Spectrum.jpg, id=102, 1927.2pt x 1006.76125pt>
File: ./Figures/OO_Tri_F_Spectrum.jpg Graphic file (type jpg)
<use ./Figures/OO_Tri_F_Spectrum.jpg>
Package pdftex.def Info: ./Figures/OO_Tri_F_Spectrum.jpg  used on input line 23
6. on input line 236.
Package pdftex.def Info: Requested size: 469.75502pt x 245.3913pt on input line
 236.
<./Figures/OO_Tri_H_Spectrum.jpg, id=103, 1927.2pt x 1006.76125pt>
File: ./Figures/OO_Tri_H_Spectrum.jpg Graphic file (type jpg)
<use ./Figures/OO_Tri_H_Spectrum.jpg>
Package pdftex.def Info: ./Figures/OO_Tri_H_Spectrum.jpg  used on input line 24
1. on input line 241.
Package pdftex.def Info: Requested size: 469.75502pt x 245.3913pt on input line
 241.
 [20 <./Figures/OO_Sinc_Spectrum.jpg> <./Figures/OO_Squared_Spectrum.jpg>]
<./Figures/Polar_Raised.jpg, id=107, 1927.2pt x 1006.76125pt>
File: ./Figures/Polar_Raised.jpg Graphic file (type jpg)
<use ./Figures/Polar_Raised.jpg>
Package pdftex.def Info: ./Figures/Polar_Raised.jpg  used on input line 251. on
 input line 251.
Package pdftex.def Info: Requested size: 469.75502pt x 245.3913pt on input line
 251.
<./Figures/Polar_Rect_F.jpg, id=108, 1927.2pt x 1006.76125pt>
File: ./Figures/Polar_Rect_F.jpg Graphic file (type jpg)
<use ./Figures/Polar_Rect_F.jpg>
Package pdftex.def Info: ./Figures/Polar_Rect_F.jpg  used on input line 256. on
 input line 256.
Package pdftex.def Info: Requested size: 469.75502pt x 245.3913pt on input line
 256.
 [21 <./Figures/OO_Tri_F_Spectrum.jpg> <./Figures/OO_Tri_H_Spectrum.jpg>]
<./Figures/Polar_Rect_H.jpg, id=112, 1927.2pt x 1006.76125pt>
File: ./Figures/Polar_Rect_H.jpg Graphic file (type jpg)
<use ./Figures/Polar_Rect_H.jpg>
Package pdftex.def Info: ./Figures/Polar_Rect_H.jpg  used on input line 261. on
 input line 261.
Package pdftex.def Info: Requested size: 469.75502pt x 245.3913pt on input line
 261.
<./Figures/Polar_Sin.jpg, id=113, 1927.2pt x 1006.76125pt>
File: ./Figures/Polar_Sin.jpg Graphic file (type jpg)
<use ./Figures/Polar_Sin.jpg>
Package pdftex.def Info: ./Figures/Polar_Sin.jpg  used on input line 266. on in
put line 266.
Package pdftex.def Info: Requested size: 469.75502pt x 245.3913pt on input line
 266.
 [22 <./Figures/Polar_Raised.jpg> <./Figures/Polar_Rect_F.jpg>]
<./Figures/Polar_Sinc.jpg, id=117, 1927.2pt x 1006.76125pt>
File: ./Figures/Polar_Sinc.jpg Graphic file (type jpg)
<use ./Figures/Polar_Sinc.jpg>
Package pdftex.def Info: ./Figures/Polar_Sinc.jpg  used on input line 271. on i
nput line 271.
Package pdftex.def Info: Requested size: 469.75502pt x 245.3913pt on input line
 271.
<./Figures/Polar_Squared.jpg, id=118, 1927.2pt x 1006.76125pt>
File: ./Figures/Polar_Squared.jpg Graphic file (type jpg)
<use ./Figures/Polar_Squared.jpg>
Package pdftex.def Info: ./Figures/Polar_Squared.jpg  used on input line 276. o
n input line 276.
Package pdftex.def Info: Requested size: 469.75502pt x 245.3913pt on input line
 276.
 [23 <./Figures/Polar_Rect_H.jpg> <./Figures/Polar_Sin.jpg>]
<./Figures/Polar_Tri_F.jpg, id=122, 1927.2pt x 1006.76125pt>
File: ./Figures/Polar_Tri_F.jpg Graphic file (type jpg)
<use ./Figures/Polar_Tri_F.jpg>
Package pdftex.def Info: ./Figures/Polar_Tri_F.jpg  used on input line 281. on 
input line 281.
Package pdftex.def Info: Requested size: 469.75502pt x 245.3913pt on input line
 281.
<./Figures/Polar_Tri_H.jpg, id=123, 1927.2pt x 1006.76125pt>
File: ./Figures/Polar_Tri_H.jpg Graphic file (type jpg)
<use ./Figures/Polar_Tri_H.jpg>
Package pdftex.def Info: ./Figures/Polar_Tri_H.jpg  used on input line 286. on 
input line 286.
Package pdftex.def Info: Requested size: 469.75502pt x 245.3913pt on input line
 286.
 [24 <./Figures/Polar_Sinc.jpg> <./Figures/Polar_Squared.jpg>]
<./Figures/Polar_Raised_Eye.jpg, id=127, 1927.2pt x 1006.76125pt>
File: ./Figures/Polar_Raised_Eye.jpg Graphic file (type jpg)
<use ./Figures/Polar_Raised_Eye.jpg>
Package pdftex.def Info: ./Figures/Polar_Raised_Eye.jpg  used on input line 293
. on input line 293.
Package pdftex.def Info: Requested size: 469.75502pt x 245.3913pt on input line
 293.
<./Figures/Polar_Rect_F_Eye.jpg, id=128, 1927.2pt x 1006.76125pt>
File: ./Figures/Polar_Rect_F_Eye.jpg Graphic file (type jpg)
<use ./Figures/Polar_Rect_F_Eye.jpg>
Package pdftex.def Info: ./Figures/Polar_Rect_F_Eye.jpg  used on input line 298
. on input line 298.
Package pdftex.def Info: Requested size: 469.75502pt x 245.3913pt on input line
 298.
 [25 <./Figures/Polar_Tri_F.jpg> <./Figures/Polar_Tri_H.jpg>]
<./Figures/Polar_Rect_H_Eye.jpg, id=133, 1927.2pt x 1006.76125pt>
File: ./Figures/Polar_Rect_H_Eye.jpg Graphic file (type jpg)
<use ./Figures/Polar_Rect_H_Eye.jpg>
Package pdftex.def Info: ./Figures/Polar_Rect_H_Eye.jpg  used on input line 303
. on input line 303.
Package pdftex.def Info: Requested size: 469.75502pt x 245.3913pt on input line
 303.
<./Figures/Polar_Sin_Eye.jpg, id=134, 1927.2pt x 1006.76125pt>
File: ./Figures/Polar_Sin_Eye.jpg Graphic file (type jpg)
<use ./Figures/Polar_Sin_Eye.jpg>
Package pdftex.def Info: ./Figures/Polar_Sin_Eye.jpg  used on input line 308. o
n input line 308.
Package pdftex.def Info: Requested size: 469.75502pt x 245.3913pt on input line
 308.
 [26 <./Figures/Polar_Raised_Eye.jpg> <./Figures/Polar_Rect_F_Eye.jpg>]
<./Figures/Polar_Sinc_Eye.jpg, id=138, 1927.2pt x 1006.76125pt>
File: ./Figures/Polar_Sinc_Eye.jpg Graphic file (type jpg)
<use ./Figures/Polar_Sinc_Eye.jpg>
Package pdftex.def Info: ./Figures/Polar_Sinc_Eye.jpg  used on input line 313. 
on input line 313.
Package pdftex.def Info: Requested size: 469.75502pt x 245.3913pt on input line
 313.
<./Figures/Polar_Squared_Eye.jpg, id=139, 1927.2pt x 1006.76125pt>
File: ./Figures/Polar_Squared_Eye.jpg Graphic file (type jpg)
<use ./Figures/Polar_Squared_Eye.jpg>
Package pdftex.def Info: ./Figures/Polar_Squared_Eye.jpg  used on input line 31
8. on input line 318.
Package pdftex.def Info: Requested size: 469.75502pt x 245.3913pt on input line
 318.
 [27 <./Figures/Polar_Rect_H_Eye.jpg> <./Figures/Polar_Sin_Eye.jpg>]
<./Figures/Polar_Tri_F_Eye.jpg, id=143, 1927.2pt x 1006.76125pt>
File: ./Figures/Polar_Tri_F_Eye.jpg Graphic file (type jpg)
<use ./Figures/Polar_Tri_F_Eye.jpg>
Package pdftex.def Info: ./Figures/Polar_Tri_F_Eye.jpg  used on input line 323.
 on input line 323.
Package pdftex.def Info: Requested size: 469.75502pt x 245.3913pt on input line
 323.
<./Figures/Polar_Tri_H_Eye.jpg, id=144, 1927.2pt x 1006.76125pt>
File: ./Figures/Polar_Tri_H_Eye.jpg Graphic file (type jpg)
<use ./Figures/Polar_Tri_H_Eye.jpg>
Package pdftex.def Info: ./Figures/Polar_Tri_H_Eye.jpg  used on input line 328.
 on input line 328.
Package pdftex.def Info: Requested size: 469.75502pt x 245.3913pt on input line
 328.
 [28 <./Figures/Polar_Sinc_Eye.jpg> <./Figures/Polar_Squared_Eye.jpg>]
<./Figures/Polar_Raised_Spectrum.jpg, id=148, 1927.2pt x 1006.76125pt>
File: ./Figures/Polar_Raised_Spectrum.jpg Graphic file (type jpg)
<use ./Figures/Polar_Raised_Spectrum.jpg>
Package pdftex.def Info: ./Figures/Polar_Raised_Spectrum.jpg  used on input lin
e 335. on input line 335.
Package pdftex.def Info: Requested size: 469.75502pt x 245.3913pt on input line
 335.
<./Figures/Polar_Rect_F_Spectrum.jpg, id=149, 1927.2pt x 1006.76125pt>
File: ./Figures/Polar_Rect_F_Spectrum.jpg Graphic file (type jpg)
<use ./Figures/Polar_Rect_F_Spectrum.jpg>
Package pdftex.def Info: ./Figures/Polar_Rect_F_Spectrum.jpg  used on input lin
e 340. on input line 340.
Package pdftex.def Info: Requested size: 469.75502pt x 245.3913pt on input line
 340.
 [29 <./Figures/Polar_Tri_F_Eye.jpg> <./Figures/Polar_Tri_H_Eye.jpg>]
<./Figures/Polar_Rect_H_Spectrum.jpg, id=153, 1927.2pt x 1006.76125pt>
File: ./Figures/Polar_Rect_H_Spectrum.jpg Graphic file (type jpg)
<use ./Figures/Polar_Rect_H_Spectrum.jpg>
Package pdftex.def Info: ./Figures/Polar_Rect_H_Spectrum.jpg  used on input lin
e 345. on input line 345.
Package pdftex.def Info: Requested size: 469.75502pt x 245.3913pt on input line
 345.
<./Figures/Polar_Sin_Spectrum.jpg, id=154, 1927.2pt x 1006.76125pt>
File: ./Figures/Polar_Sin_Spectrum.jpg Graphic file (type jpg)
<use ./Figures/Polar_Sin_Spectrum.jpg>
Package pdftex.def Info: ./Figures/Polar_Sin_Spectrum.jpg  used on input line 3
50. on input line 350.
Package pdftex.def Info: Requested size: 469.75502pt x 245.3913pt on input line
 350.

[30 <./Figures/Polar_Raised_Spectrum.jpg> <./Figures/Polar_Rect_F_Spectrum.jpg>
]
<./Figures/Polar_Sinc_Spectrum.jpg, id=158, 1927.2pt x 1006.76125pt>
File: ./Figures/Polar_Sinc_Spectrum.jpg Graphic file (type jpg)
<use ./Figures/Polar_Sinc_Spectrum.jpg>
Package pdftex.def Info: ./Figures/Polar_Sinc_Spectrum.jpg  used on input line 
355. on input line 355.
Package pdftex.def Info: Requested size: 469.75502pt x 245.3913pt on input line
 355.
<./Figures/Polar_Squared_Spectrum.jpg, id=159, 1927.2pt x 1006.76125pt>
File: ./Figures/Polar_Squared_Spectrum.jpg Graphic file (type jpg)
<use ./Figures/Polar_Squared_Spectrum.jpg>
Package pdftex.def Info: ./Figures/Polar_Squared_Spectrum.jpg  used on input li
ne 360. on input line 360.
Package pdftex.def Info: Requested size: 469.75502pt x 245.3913pt on input line
 360.
 [31 <./Figures/Polar_Rect_H_Spectrum.jpg> <./Figures/Polar_Sin_Spectrum.jpg>]
<./Figures/Polar_Tri_F_Spectrum.jpg, id=164, 1927.2pt x 1006.76125pt>
File: ./Figures/Polar_Tri_F_Spectrum.jpg Graphic file (type jpg)
<use ./Figures/Polar_Tri_F_Spectrum.jpg>
Package pdftex.def Info: ./Figures/Polar_Tri_F_Spectrum.jpg  used on input line
 365. on input line 365.
Package pdftex.def Info: Requested size: 469.75502pt x 245.3913pt on input line
 365.
<./Figures/Polar_Tri_H_Spectrum.jpg, id=165, 1927.2pt x 1006.76125pt>
File: ./Figures/Polar_Tri_H_Spectrum.jpg Graphic file (type jpg)
<use ./Figures/Polar_Tri_H_Spectrum.jpg>
Package pdftex.def Info: ./Figures/Polar_Tri_H_Spectrum.jpg  used on input line
 370. on input line 370.
Package pdftex.def Info: Requested size: 469.75502pt x 245.3913pt on input line
 370.
[32 <./Figures/Polar_Sinc_Spectrum.jpg> <./Figures/Polar_Squared_Spectrum.jpg>]
<./Figures/BP_Raised.jpg, id=169, 1927.2pt x 1006.76125pt>
File: ./Figures/BP_Raised.jpg Graphic file (type jpg)
<use ./Figures/BP_Raised.jpg>
Package pdftex.def Info: ./Figures/BP_Raised.jpg  used on input line 380. on in
put line 380.
Package pdftex.def Info: Requested size: 469.75502pt x 245.3913pt on input line
 380.
<./Figures/BP_Rect_F.jpg, id=170, 1927.2pt x 1006.76125pt>
File: ./Figures/BP_Rect_F.jpg Graphic file (type jpg)
<use ./Figures/BP_Rect_F.jpg>
Package pdftex.def Info: ./Figures/BP_Rect_F.jpg  used on input line 385. on in
put line 385.
Package pdftex.def Info: Requested size: 469.75502pt x 245.3913pt on input line
 385.
[33 <./Figures/Polar_Tri_F_Spectrum.jpg> <./Figures/Polar_Tri_H_Spectrum.jpg>]
<./Figures/BP_Rect_H.jpg, id=174, 1927.2pt x 1006.76125pt>
File: ./Figures/BP_Rect_H.jpg Graphic file (type jpg)
<use ./Figures/BP_Rect_H.jpg>
Package pdftex.def Info: ./Figures/BP_Rect_H.jpg  used on input line 390. on in
put line 390.
Package pdftex.def Info: Requested size: 469.75502pt x 245.3913pt on input line
 390.
<./Figures/BP_Sin.jpg, id=175, 1911.14pt x 983.675pt>
File: ./Figures/BP_Sin.jpg Graphic file (type jpg)
<use ./Figures/BP_Sin.jpg>
Package pdftex.def Info: ./Figures/BP_Sin.jpg  used on input line 395. on input
 line 395.
Package pdftex.def Info: Requested size: 469.75502pt x 241.77548pt on input lin
e 395.

[34 <./Figures/BP_Raised.jpg> <./Figures/BP_Rect_F.jpg>]
<./Figures/BP_Sinc.jpg, id=179, 1927.2pt x 1006.76125pt>
File: ./Figures/BP_Sinc.jpg Graphic file (type jpg)
<use ./Figures/BP_Sinc.jpg>
Package pdftex.def Info: ./Figures/BP_Sinc.jpg  used on input line 400. on inpu
t line 400.
Package pdftex.def Info: Requested size: 469.75502pt x 245.3913pt on input line
 400.
<./Figures/BP_Squared.jpg, id=180, 1927.2pt x 1006.76125pt>
File: ./Figures/BP_Squared.jpg Graphic file (type jpg)
<use ./Figures/BP_Squared.jpg>
Package pdftex.def Info: ./Figures/BP_Squared.jpg  used on input line 405. on i
nput line 405.
Package pdftex.def Info: Requested size: 469.75502pt x 245.3913pt on input line
 405.
 [35 <./Figures/BP_Rect_H.jpg> <./Figures/BP_Sin.jpg>]
<./Figures/BP_Tri_F.jpg, id=184, 1927.2pt x 1006.76125pt>
File: ./Figures/BP_Tri_F.jpg Graphic file (type jpg)
<use ./Figures/BP_Tri_F.jpg>
Package pdftex.def Info: ./Figures/BP_Tri_F.jpg  used on input line 410. on inp
ut line 410.
Package pdftex.def Info: Requested size: 469.75502pt x 245.3913pt on input line
 410.
<./Figures/BP_Tri_H.jpg, id=185, 1927.2pt x 1006.76125pt>
File: ./Figures/BP_Tri_H.jpg Graphic file (type jpg)
<use ./Figures/BP_Tri_H.jpg>
Package pdftex.def Info: ./Figures/BP_Tri_H.jpg  used on input line 415. on inp
ut line 415.
Package pdftex.def Info: Requested size: 469.75502pt x 245.3913pt on input line
 415.
 [36 <./Figures/BP_Sinc.jpg> <./Figures/BP_Squared.jpg>]
<./Figures/BP_Raised_Eye.jpg, id=189, 1927.2pt x 1006.76125pt>
File: ./Figures/BP_Raised_Eye.jpg Graphic file (type jpg)
<use ./Figures/BP_Raised_Eye.jpg>
Package pdftex.def Info: ./Figures/BP_Raised_Eye.jpg  used on input line 422. o
n input line 422.
Package pdftex.def Info: Requested size: 469.75502pt x 245.3913pt on input line
 422.
<./Figures/BP_Rect_F_Eye.jpg, id=190, 1927.2pt x 1006.76125pt>
File: ./Figures/BP_Rect_F_Eye.jpg Graphic file (type jpg)
<use ./Figures/BP_Rect_F_Eye.jpg>
Package pdftex.def Info: ./Figures/BP_Rect_F_Eye.jpg  used on input line 427. o
n input line 427.
Package pdftex.def Info: Requested size: 469.75502pt x 245.3913pt on input line
 427.
 [37 <./Figures/BP_Tri_F.jpg> <./Figures/BP_Tri_H.jpg>]
<./Figures/BP_Rect_H_Eye.jpg, id=195, 1927.2pt x 1006.76125pt>
File: ./Figures/BP_Rect_H_Eye.jpg Graphic file (type jpg)
<use ./Figures/BP_Rect_H_Eye.jpg>
Package pdftex.def Info: ./Figures/BP_Rect_H_Eye.jpg  used on input line 432. o
n input line 432.
Package pdftex.def Info: Requested size: 469.75502pt x 245.3913pt on input line
 432.
<./Figures/BP_Sin_Eye.jpg, id=196, 1927.2pt x 1006.76125pt>
File: ./Figures/BP_Sin_Eye.jpg Graphic file (type jpg)
<use ./Figures/BP_Sin_Eye.jpg>
Package pdftex.def Info: ./Figures/BP_Sin_Eye.jpg  used on input line 437. on i
nput line 437.
Package pdftex.def Info: Requested size: 469.75502pt x 245.3913pt on input line
 437.
 [38 <./Figures/BP_Raised_Eye.jpg> <./Figures/BP_Rect_F_Eye.jpg>]
<./Figures/BP_Sinc_Eye.jpg, id=200, 1927.2pt x 1006.76125pt>
File: ./Figures/BP_Sinc_Eye.jpg Graphic file (type jpg)
<use ./Figures/BP_Sinc_Eye.jpg>
Package pdftex.def Info: ./Figures/BP_Sinc_Eye.jpg  used on input line 442. on 
input line 442.
Package pdftex.def Info: Requested size: 469.75502pt x 245.3913pt on input line
 442.
<./Figures/BP_Squared_Eye.jpg, id=201, 1927.2pt x 1006.76125pt>
File: ./Figures/BP_Squared_Eye.jpg Graphic file (type jpg)
<use ./Figures/BP_Squared_Eye.jpg>
Package pdftex.def Info: ./Figures/BP_Squared_Eye.jpg  used on input line 447. 
on input line 447.
Package pdftex.def Info: Requested size: 469.75502pt x 245.3913pt on input line
 447.
 [39 <./Figures/BP_Rect_H_Eye.jpg> <./Figures/BP_Sin_Eye.jpg>]
<./Figures/BP_Tri_F_Eye.jpg, id=205, 1927.2pt x 1006.76125pt>
File: ./Figures/BP_Tri_F_Eye.jpg Graphic file (type jpg)
<use ./Figures/BP_Tri_F_Eye.jpg>
Package pdftex.def Info: ./Figures/BP_Tri_F_Eye.jpg  used on input line 452. on
 input line 452.
Package pdftex.def Info: Requested size: 469.75502pt x 245.3913pt on input line
 452.
<./Figures/BP_Tri_H_Eye.jpg, id=206, 1927.2pt x 1006.76125pt>
File: ./Figures/BP_Tri_H_Eye.jpg Graphic file (type jpg)
<use ./Figures/BP_Tri_H_Eye.jpg>
Package pdftex.def Info: ./Figures/BP_Tri_H_Eye.jpg  used on input line 457. on
 input line 457.
Package pdftex.def Info: Requested size: 469.75502pt x 245.3913pt on input line
 457.
 [40 <./Figures/BP_Sinc_Eye.jpg> <./Figures/BP_Squared_Eye.jpg>]
<./Figures/BP_Raised_Spectrum.jpg, id=210, 1927.2pt x 1006.76125pt>
File: ./Figures/BP_Raised_Spectrum.jpg Graphic file (type jpg)
<use ./Figures/BP_Raised_Spectrum.jpg>
Package pdftex.def Info: ./Figures/BP_Raised_Spectrum.jpg  used on input line 4
64. on input line 464.
Package pdftex.def Info: Requested size: 469.75502pt x 245.3913pt on input line
 464.
<./Figures/BP_Rect_F_Spectrum.jpg, id=211, 1927.2pt x 1006.76125pt>
File: ./Figures/BP_Rect_F_Spectrum.jpg Graphic file (type jpg)
<use ./Figures/BP_Rect_F_Spectrum.jpg>
Package pdftex.def Info: ./Figures/BP_Rect_F_Spectrum.jpg  used on input line 4
69. on input line 469.
Package pdftex.def Info: Requested size: 469.75502pt x 245.3913pt on input line
 469.
 [41 <./Figures/BP_Tri_F_Eye.jpg> <./Figures/BP_Tri_H_Eye.jpg>]
<./Figures/BP_Rect_H_Spectrum.jpg, id=215, 1927.2pt x 1006.76125pt>
File: ./Figures/BP_Rect_H_Spectrum.jpg Graphic file (type jpg)
<use ./Figures/BP_Rect_H_Spectrum.jpg>
Package pdftex.def Info: ./Figures/BP_Rect_H_Spectrum.jpg  used on input line 4
74. on input line 474.
Package pdftex.def Info: Requested size: 469.75502pt x 245.3913pt on input line
 474.
<./Figures/BP_Sin_Spectrum.jpg, id=216, 1927.2pt x 1006.76125pt>
File: ./Figures/BP_Sin_Spectrum.jpg Graphic file (type jpg)
<use ./Figures/BP_Sin_Spectrum.jpg>
Package pdftex.def Info: ./Figures/BP_Sin_Spectrum.jpg  used on input line 479.
 on input line 479.
Package pdftex.def Info: Requested size: 469.75502pt x 245.3913pt on input line
 479.
 [42 <./Figures/BP_Raised_Spectrum.jpg> <./Figures/BP_Rect_F_Spectrum.jpg>]
<./Figures/BP_Sinc_Spectrum.jpg, id=220, 1927.2pt x 1006.76125pt>
File: ./Figures/BP_Sinc_Spectrum.jpg Graphic file (type jpg)
<use ./Figures/BP_Sinc_Spectrum.jpg>
Package pdftex.def Info: ./Figures/BP_Sinc_Spectrum.jpg  used on input line 484
. on input line 484.
Package pdftex.def Info: Requested size: 469.75502pt x 245.3913pt on input line
 484.
<./Figures/BP_Squared_Spectrum.jpg, id=221, 1927.2pt x 1006.76125pt>
File: ./Figures/BP_Squared_Spectrum.jpg Graphic file (type jpg)
<use ./Figures/BP_Squared_Spectrum.jpg>
Package pdftex.def Info: ./Figures/BP_Squared_Spectrum.jpg  used on input line 
489. on input line 489.
Package pdftex.def Info: Requested size: 469.75502pt x 245.3913pt on input line
 489.

[43 <./Figures/BP_Rect_H_Spectrum.jpg> <./Figures/BP_Sin_Spectrum.jpg>]
<./Figures/BP_Tri_F_Spectrum.jpg, id=226, 1927.2pt x 1006.76125pt>
File: ./Figures/BP_Tri_F_Spectrum.jpg Graphic file (type jpg)
<use ./Figures/BP_Tri_F_Spectrum.jpg>
Package pdftex.def Info: ./Figures/BP_Tri_F_Spectrum.jpg  used on input line 49
4. on input line 494.
Package pdftex.def Info: Requested size: 469.75502pt x 245.3913pt on input line
 494.
<./Figures/BP_Tri_H_Spectrum.jpg, id=227, 1927.2pt x 1006.76125pt>
File: ./Figures/BP_Tri_H_Spectrum.jpg Graphic file (type jpg)
<use ./Figures/BP_Tri_H_Spectrum.jpg>
Package pdftex.def Info: ./Figures/BP_Tri_H_Spectrum.jpg  used on input line 49
9. on input line 499.
Package pdftex.def Info: Requested size: 469.75502pt x 245.3913pt on input line
 499.

[44 <./Figures/BP_Sinc_Spectrum.jpg> <./Figures/BP_Squared_Spectrum.jpg>]
<./Figures/DuoBinary.jpg, id=231, 1927.2pt x 1006.76125pt>
File: ./Figures/DuoBinary.jpg Graphic file (type jpg)
<use ./Figures/DuoBinary.jpg>
Package pdftex.def Info: ./Figures/DuoBinary.jpg  used on input line 509. on in
put line 509.
Package pdftex.def Info: Requested size: 469.75502pt x 245.3913pt on input line
 509.

[45 <./Figures/BP_Tri_F_Spectrum.jpg> <./Figures/BP_Tri_H_Spectrum.jpg>]
<./Figures/DuoBinary_Eye.jpg, id=235, 1927.2pt x 1006.76125pt>
File: ./Figures/DuoBinary_Eye.jpg Graphic file (type jpg)
<use ./Figures/DuoBinary_Eye.jpg>
Package pdftex.def Info: ./Figures/DuoBinary_Eye.jpg  used on input line 516. o
n input line 516.
Package pdftex.def Info: Requested size: 469.75502pt x 245.3913pt on input line
 516.
<./Figures/DuoBinary_Spectrum.jpg, id=236, 1927.2pt x 1006.76125pt>
File: ./Figures/DuoBinary_Spectrum.jpg Graphic file (type jpg)
<use ./Figures/DuoBinary_Spectrum.jpg>
Package pdftex.def Info: ./Figures/DuoBinary_Spectrum.jpg  used on input line 5
23. on input line 523.
Package pdftex.def Info: Requested size: 469.75502pt x 245.3913pt on input line
 523.

[46 <./Figures/DuoBinary.jpg> <./Figures/DuoBinary_Eye.jpg>] [47 <./Figures/Duo
Binary_Spectrum.jpg>] (Lab_8_Submission.aux) ) 
Here is how much of TeX's memory you used:
 4944 strings out of 493312
 82768 string characters out of 3138886
 139486 words of memory out of 3000000
 8376 multiletter control sequences out of 15000+200000
 5457 words of font info for 20 fonts, out of 3000000 for 9000
 1141 hyphenation exceptions out of 8191
 42i,7n,40p,992b,495s stack positions out of 5000i,500n,10000p,200000b,50000s
<C:/Program Files/MiKTeX 2.9/font
s/type1/public/amsfonts/cm/cmbx10.pfb><C:/Program Files/MiKTeX 2.9/fonts/type1/
public/amsfonts/cm/cmbx12.pfb><C:/Program Files/MiKTeX 2.9/fonts/type1/public/a
msfonts/cm/cmr10.pfb><C:/Program Files/MiKTeX 2.9/fonts/type1/public/amsfonts/c
m/cmr9.pfb><C:/Program Files/MiKTeX 2.9/fonts/type1/public/amsfonts/cm/cmsy10.p
fb>
Output written on Lab_8_Submission.pdf (47 pages, 20628302 bytes).
PDF statistics:
 262 PDF objects out of 1000 (max. 8388607)
 0 named destinations out of 1000 (max. 500000)
 436 words of extra memory for PDF output out of 10000 (max. 10000000)

